Determining if the pthread_create exist failed with the following output:
Change Dir: /home/chenjs/a5/aom_cnn_7/aom_build/CMakeFiles/CMakeTmp

Run Build Command:"/usr/bin/make" "cmTC_59832/fast"
/usr/bin/make -f CMakeFiles/cmTC_59832.dir/build.make CMakeFiles/cmTC_59832.dir/build
make[1]: Entering directory '/home/chenjs/a5/aom_cnn_7/aom_build/CMakeFiles/CMakeTmp'
Building C object CMakeFiles/cmTC_59832.dir/CheckSymbolExists.c.o
/usr/bin/cc     -o CMakeFiles/cmTC_59832.dir/CheckSymbolExists.c.o   -c /home/chenjs/a5/aom_cnn_7/aom_build/CMakeFiles/CMakeTmp/CheckSymbolExists.c
Linking C executable cmTC_59832
/usr/bin/cmake -E cmake_link_script CMakeFiles/cmTC_59832.dir/link.txt --verbose=1
/usr/bin/cc       CMakeFiles/cmTC_59832.dir/CheckSymbolExists.c.o  -o cmTC_59832 
CMakeFiles/cmTC_59832.dir/CheckSymbolExists.c.o：在函数‘main’中：
CheckSymbolExists.c:(.text+0x16)：对‘pthread_create’未定义的引用
collect2: error: ld returned 1 exit status
CMakeFiles/cmTC_59832.dir/build.make:97: recipe for target 'cmTC_59832' failed
make[1]: *** [cmTC_59832] Error 1
make[1]: Leaving directory '/home/chenjs/a5/aom_cnn_7/aom_build/CMakeFiles/CMakeTmp'
Makefile:126: recipe for target 'cmTC_59832/fast' failed
make: *** [cmTC_59832/fast] Error 2

File /home/chenjs/a5/aom_cnn_7/aom_build/CMakeFiles/CMakeTmp/CheckSymbolExists.c:
/* */
#include <pthread.h>

int main(int argc, char** argv)
{
  (void)argv;
#ifndef pthread_create
  return ((int*)(&pthread_create))[argc];
#else
  (void)argc;
  return 0;
#endif
}

Determining if the function pthread_create exists in the pthreads failed with the following output:
Change Dir: /home/chenjs/a5/aom_cnn_7/aom_build/CMakeFiles/CMakeTmp

Run Build Command:"/usr/bin/make" "cmTC_98b5a/fast"
/usr/bin/make -f CMakeFiles/cmTC_98b5a.dir/build.make CMakeFiles/cmTC_98b5a.dir/build
make[1]: Entering directory '/home/chenjs/a5/aom_cnn_7/aom_build/CMakeFiles/CMakeTmp'
Building C object CMakeFiles/cmTC_98b5a.dir/CheckFunctionExists.c.o
/usr/bin/cc    -DCHECK_FUNCTION_EXISTS=pthread_create   -o CMakeFiles/cmTC_98b5a.dir/CheckFunctionExists.c.o   -c /usr/share/cmake-3.5/Modules/CheckFunctionExists.c
Linking C executable cmTC_98b5a
/usr/bin/cmake -E cmake_link_script CMakeFiles/cmTC_98b5a.dir/link.txt --verbose=1
/usr/bin/cc   -DCHECK_FUNCTION_EXISTS=pthread_create    CMakeFiles/cmTC_98b5a.dir/CheckFunctionExists.c.o  -o cmTC_98b5a -lpthreads 
/usr/bin/ld: 找不到 -lpthreads
collect2: error: ld returned 1 exit status
CMakeFiles/cmTC_98b5a.dir/build.make:97: recipe for target 'cmTC_98b5a' failed
make[1]: *** [cmTC_98b5a] Error 1
make[1]: Leaving directory '/home/chenjs/a5/aom_cnn_7/aom_build/CMakeFiles/CMakeTmp'
Makefile:126: recipe for target 'cmTC_98b5a/fast' failed
make: *** [cmTC_98b5a/fast] Error 2


Performing C++ SOURCE FILE Test CXX_FLAG_SUPPORTED failed with the following output:
Change Dir: /home/chenjs/a5/aom_cnn_7/aom_build/CMakeFiles/CMakeTmp

Run Build Command:"/usr/bin/make" "cmTC_ef059/fast"
/usr/bin/make -f CMakeFiles/cmTC_ef059.dir/build.make CMakeFiles/cmTC_ef059.dir/build
make[1]: Entering directory '/home/chenjs/a5/aom_cnn_7/aom_build/CMakeFiles/CMakeTmp'
Building CXX object CMakeFiles/cmTC_ef059.dir/src.cxx.o
/usr/bin/c++     -DCXX_FLAG_SUPPORTED   -Wimplicit-function-declaration -o CMakeFiles/cmTC_ef059.dir/src.cxx.o -c /home/chenjs/a5/aom_cnn_7/aom_build/CMakeFiles/CMakeTmp/src.cxx
cc1plus: warning: command line option '-Wimplicit-function-declaration' is valid for C/ObjC but not for C++
Linking CXX executable cmTC_ef059
/usr/bin/cmake -E cmake_link_script CMakeFiles/cmTC_ef059.dir/link.txt --verbose=1
/usr/bin/c++    -DCXX_FLAG_SUPPORTED    CMakeFiles/cmTC_ef059.dir/src.cxx.o  -o cmTC_ef059 -lm 
make[1]: Leaving directory '/home/chenjs/a5/aom_cnn_7/aom_build/CMakeFiles/CMakeTmp'

Source file was:
int main() { return 0; }
Performing C SOURCE FILE Test C_FLAG_SUPPORTED failed with the following output:
Change Dir: /home/chenjs/a5/aom_cnn_7/aom_build/CMakeFiles/CMakeTmp

Run Build Command:"/usr/bin/make" "cmTC_d9122/fast"
/usr/bin/make -f CMakeFiles/cmTC_d9122.dir/build.make CMakeFiles/cmTC_d9122.dir/build
make[1]: Entering directory '/home/chenjs/a5/aom_cnn_7/aom_build/CMakeFiles/CMakeTmp'
Building C object CMakeFiles/cmTC_d9122.dir/src.c.o
/usr/bin/cc    -DC_FLAG_SUPPORTED   -Wstring-conversion -o CMakeFiles/cmTC_d9122.dir/src.c.o   -c /home/chenjs/a5/aom_cnn_7/aom_build/CMakeFiles/CMakeTmp/src.c
cc: error: unrecognized command line option '-Wstring-conversion'
CMakeFiles/cmTC_d9122.dir/build.make:65: recipe for target 'CMakeFiles/cmTC_d9122.dir/src.c.o' failed
make[1]: *** [CMakeFiles/cmTC_d9122.dir/src.c.o] Error 1
make[1]: Leaving directory '/home/chenjs/a5/aom_cnn_7/aom_build/CMakeFiles/CMakeTmp'
Makefile:126: recipe for target 'cmTC_d9122/fast' failed
make: *** [cmTC_d9122/fast] Error 2

Source file was:
int main(void) { return 0; }
Performing C++ SOURCE FILE Test CXX_FLAG_SUPPORTED failed with the following output:
Change Dir: /home/chenjs/a5/aom_cnn_7/aom_build/CMakeFiles/CMakeTmp

Run Build Command:"/usr/bin/make" "cmTC_5f353/fast"
/usr/bin/make -f CMakeFiles/cmTC_5f353.dir/build.make CMakeFiles/cmTC_5f353.dir/build
make[1]: Entering directory '/home/chenjs/a5/aom_cnn_7/aom_build/CMakeFiles/CMakeTmp'
Building CXX object CMakeFiles/cmTC_5f353.dir/src.cxx.o
/usr/bin/c++     -DCXX_FLAG_SUPPORTED   -Wstring-conversion -o CMakeFiles/cmTC_5f353.dir/src.cxx.o -c /home/chenjs/a5/aom_cnn_7/aom_build/CMakeFiles/CMakeTmp/src.cxx
c++: error: unrecognized command line option '-Wstring-conversion'
CMakeFiles/cmTC_5f353.dir/build.make:65: recipe for target 'CMakeFiles/cmTC_5f353.dir/src.cxx.o' failed
make[1]: *** [CMakeFiles/cmTC_5f353.dir/src.cxx.o] Error 1
make[1]: Leaving directory '/home/chenjs/a5/aom_cnn_7/aom_build/CMakeFiles/CMakeTmp'
Makefile:126: recipe for target 'cmTC_5f353/fast' failed
make: *** [cmTC_5f353/fast] Error 2

Source file was:
int main() { return 0; }
Performing C SOURCE FILE Test C_FLAG_SUPPORTED failed with the following output:
Change Dir: /home/chenjs/a5/aom_cnn_7/aom_build/CMakeFiles/CMakeTmp

Run Build Command:"/usr/bin/make" "cmTC_5e7de/fast"
/usr/bin/make -f CMakeFiles/cmTC_5e7de.dir/build.make CMakeFiles/cmTC_5e7de.dir/build
make[1]: Entering directory '/home/chenjs/a5/aom_cnn_7/aom_build/CMakeFiles/CMakeTmp'
Building C object CMakeFiles/cmTC_5e7de.dir/src.c.o
/usr/bin/cc    -DC_FLAG_SUPPORTED   -Wshorten-64-to-32 -o CMakeFiles/cmTC_5e7de.dir/src.c.o   -c /home/chenjs/a5/aom_cnn_7/aom_build/CMakeFiles/CMakeTmp/src.c
cc: error: unrecognized command line option '-Wshorten-64-to-32'
CMakeFiles/cmTC_5e7de.dir/build.make:65: recipe for target 'CMakeFiles/cmTC_5e7de.dir/src.c.o' failed
make[1]: *** [CMakeFiles/cmTC_5e7de.dir/src.c.o] Error 1
make[1]: Leaving directory '/home/chenjs/a5/aom_cnn_7/aom_build/CMakeFiles/CMakeTmp'
Makefile:126: recipe for target 'cmTC_5e7de/fast' failed
make: *** [cmTC_5e7de/fast] Error 2

Source file was:
int main(void) { return 0; }
